00:30:56,753 (main) DEBUG [DataNucleus.General] - Using PluginRegistry org.datanucleus.plugin.NonManagedPluginRegistry
00:30:56,779 (main) DEBUG [DataNucleus.General] - Registering bundle org.sonatype.inject version 2.3.0 at URL file:/home/dileepa/.m2/repository/org/sonatype/sisu/sisu-inject-bean/2.3.0/sisu-inject-bean-2.3.0.jar.
00:30:56,789 (main) DEBUG [DataNucleus.General] - Loading extension points from plug-in file jar:file:/home/dileepa/.m2/repository/org/sonatype/sisu/sisu-inject-bean/2.3.0/sisu-inject-bean-2.3.0.jar!/plugin.xml.
00:30:56,790 (main) DEBUG [DataNucleus.General] - Loading extensions from plug-in file jar:file:/home/dileepa/.m2/repository/org/sonatype/sisu/sisu-inject-bean/2.3.0/sisu-inject-bean-2.3.0.jar!/plugin.xml.
00:30:56,792 (main) DEBUG [DataNucleus.General] - Registering bundle org.datanucleus.store.rdbms version 3.2.10 at URL file:/home/dileepa/.m2/repository/org/datanucleus/datanucleus-rdbms/3.2.10/datanucleus-rdbms-3.2.10.jar.
00:30:56,853 (main) DEBUG [DataNucleus.General] - Loading extension points from plug-in file jar:file:/home/dileepa/.m2/repository/org/datanucleus/datanucleus-rdbms/3.2.10/datanucleus-rdbms-3.2.10.jar!/plugin.xml.
00:30:56,887 (main) DEBUG [DataNucleus.General] - Loading extensions from plug-in file jar:file:/home/dileepa/.m2/repository/org/datanucleus/datanucleus-rdbms/3.2.10/datanucleus-rdbms-3.2.10.jar!/plugin.xml.
00:30:56,903 (main) DEBUG [DataNucleus.General] - Registering bundle org.datanucleus.store.types.jodatime version 3.2.1 at URL file:/home/dileepa/.m2/repository/org/datanucleus/datanucleus-jodatime/3.2.1/datanucleus-jodatime-3.2.1.jar.
00:30:56,906 (main) DEBUG [DataNucleus.General] - Loading extension points from plug-in file jar:file:/home/dileepa/.m2/repository/org/datanucleus/datanucleus-jodatime/3.2.1/datanucleus-jodatime-3.2.1.jar!/plugin.xml.
00:30:56,907 (main) DEBUG [DataNucleus.General] - Loading extensions from plug-in file jar:file:/home/dileepa/.m2/repository/org/datanucleus/datanucleus-jodatime/3.2.1/datanucleus-jodatime-3.2.1.jar!/plugin.xml.
00:30:56,909 (main) DEBUG [DataNucleus.General] - Registering bundle org.datanucleus.api.jdo version 3.2.7 at URL file:/home/dileepa/.m2/repository/org/datanucleus/datanucleus-api-jdo/3.2.7/datanucleus-api-jdo-3.2.7.jar.
00:30:56,914 (main) DEBUG [DataNucleus.General] - Loading extension points from plug-in file jar:file:/home/dileepa/.m2/repository/org/datanucleus/datanucleus-api-jdo/3.2.7/datanucleus-api-jdo-3.2.7.jar!/plugin.xml.
00:30:56,916 (main) DEBUG [DataNucleus.General] - Loading extensions from plug-in file jar:file:/home/dileepa/.m2/repository/org/datanucleus/datanucleus-api-jdo/3.2.7/datanucleus-api-jdo-3.2.7.jar!/plugin.xml.
00:30:56,919 (main) DEBUG [DataNucleus.General] - Registering bundle org.datanucleus.jdo.query version 3.0.2 at URL file:/home/dileepa/.m2/repository/org/datanucleus/datanucleus-jdo-query/3.0.2/datanucleus-jdo-query-3.0.2.jar.
00:30:56,919 (main) DEBUG [DataNucleus.General] - Loading extension points from plug-in file jar:file:/home/dileepa/.m2/repository/org/datanucleus/datanucleus-jdo-query/3.0.2/datanucleus-jdo-query-3.0.2.jar!/plugin.xml.
00:30:56,920 (main) DEBUG [DataNucleus.General] - Loading extensions from plug-in file jar:file:/home/dileepa/.m2/repository/org/datanucleus/datanucleus-jdo-query/3.0.2/datanucleus-jdo-query-3.0.2.jar!/plugin.xml.
00:30:56,920 (main) DEBUG [DataNucleus.General] - Registering bundle org.datanucleus version 3.2.11 at URL file:/home/dileepa/.m2/repository/org/datanucleus/datanucleus-core/3.2.11/datanucleus-core-3.2.11.jar.
00:30:56,935 (main) DEBUG [DataNucleus.General] - Loading extension points from plug-in file jar:file:/home/dileepa/.m2/repository/org/datanucleus/datanucleus-core/3.2.11/datanucleus-core-3.2.11.jar!/plugin.xml.
00:30:56,951 (main) DEBUG [DataNucleus.General] - Loading extensions from plug-in file jar:file:/home/dileepa/.m2/repository/org/datanucleus/datanucleus-core/3.2.11/datanucleus-core-3.2.11.jar!/plugin.xml.
00:30:56,986 (main) DEBUG [DataNucleus.Persistence] - Java types support initialising ...
00:30:56,990 (main) DEBUG [DataNucleus.Persistence] - Not enabling java type support for javax.time.calendar.LocalDate : java type not present in CLASSPATH
00:30:56,990 (main) DEBUG [DataNucleus.Persistence] - Not enabling java type support for javax.time.calendar.LocalDateTime : java type not present in CLASSPATH
00:30:56,990 (main) DEBUG [DataNucleus.Persistence] - Not enabling java type support for javax.time.calendar.LocalTime : java type not present in CLASSPATH
00:30:57,038 (main) DEBUG [DataNucleus.Persistence] - Java types support loaded : supported java types=java.util.TimeZone, org.joda.time.DateTime, [Ljava.lang.Byte;, [Ljava.lang.Integer;, java.util.SortedMap, char, java.lang.Boolean, [Ljava.lang.Boolean;, java.lang.Long, java.sql.Timestamp, org.joda.time.Duration, [Ljava.lang.Double;, java.lang.Float, long, float, java.util.BitSet, java.util.Stack, java.math.BigInteger, java.lang.Double, java.util.Vector, byte, java.util.Locale, java.lang.Class, [Ljava.lang.Long;, java.sql.Time, boolean, [Ljava.lang.Short;, java.util.LinkedList, java.util.PriorityQueue, [Ljava.lang.Enum;, java.util.List, int, java.util.TreeMap, java.lang.Integer, java.lang.Short, double, java.lang.Number, java.util.LinkedHashMap, java.sql.Date, [Ljava.util.Locale;, java.util.Arrays$ArrayList, org.joda.time.LocalDate, java.lang.Byte, java.util.UUID, [Ljava.lang.String;, [Ljava.util.Date;, java.util.Currency, java.util.Properties, java.util.Calendar, java.util.Map, java.awt.Color, org.joda.time.Period, java.lang.StringBuilder, org.joda.time.LocalTime, java.util.HashMap, [Ljava.lang.Character;, short, java.util.GregorianCalendar, java.util.TreeSet, java.lang.Character, java.util.SortedSet, java.util.Set, java.util.Collection, java.util.ArrayList, java.lang.StringBuffer, [Ljava.math.BigDecimal;, [B, java.util.Hashtable, [F, java.lang.String, java.net.URI, [C, java.awt.image.BufferedImage, [D, java.util.Date, [I, [J, [Ljava.lang.Number;, [Ljava.lang.Float;, [Ljava.math.BigInteger;, java.net.URL, java.util.HashSet, java.math.BigDecimal, org.joda.time.Interval, [S, [Z, java.util.Queue, java.lang.Enum, java.util.LinkedHashSet
00:30:57,038 (main) DEBUG [DataNucleus.Persistence] - Type converter support initialising ...
00:30:57,040 (main) DEBUG [DataNucleus.Persistence] - Added converter for java.math.BigDecimal<->java.lang.String using org.datanucleus.store.types.converters.BigDecimalStringConverter
00:30:57,040 (main) DEBUG [DataNucleus.Persistence] - Added converter for java.math.BigInteger<->java.lang.String using org.datanucleus.store.types.converters.BigIntegerStringConverter
00:30:57,041 (main) DEBUG [DataNucleus.Persistence] - Added converter for java.util.BitSet<->java.lang.String using org.datanucleus.store.types.converters.BitSetStringConverter
00:30:57,042 (main) DEBUG [DataNucleus.Persistence] - Added converter for java.util.Calendar<->java.lang.String using org.datanucleus.store.types.converters.CalendarStringConverter
00:30:57,043 (main) DEBUG [DataNucleus.Persistence] - Added converter for java.lang.Class<->java.lang.String using org.datanucleus.store.types.converters.ClassStringConverter
00:30:57,044 (main) DEBUG [DataNucleus.Persistence] - Added converter for java.awt.Color<->java.lang.String using org.datanucleus.store.types.converters.ColorStringConverter
00:30:57,045 (main) DEBUG [DataNucleus.Persistence] - Added converter for java.lang.Integer<->java.lang.String using org.datanucleus.store.types.converters.IntegerStringConverter
00:30:57,046 (main) DEBUG [DataNucleus.Persistence] - Added converter for java.lang.Long<->java.lang.String using org.datanucleus.store.types.converters.LongStringConverter
00:30:57,046 (main) DEBUG [DataNucleus.Persistence] - Added converter for java.util.Currency<->java.lang.String using org.datanucleus.store.types.converters.CurrencyStringConverter
00:30:57,047 (main) DEBUG [DataNucleus.Persistence] - Added converter for java.util.Date<->java.lang.Long using org.datanucleus.store.types.converters.DateLongConverter
00:30:57,048 (main) DEBUG [DataNucleus.Persistence] - Added converter for java.util.Date<->java.lang.String using org.datanucleus.store.types.converters.DateStringConverter
00:30:57,049 (main) DEBUG [DataNucleus.Persistence] - Added converter for java.util.Locale<->java.lang.String using org.datanucleus.store.types.converters.LocaleStringConverter
00:30:57,050 (main) DEBUG [DataNucleus.Persistence] - Added converter for java.sql.Date<->java.lang.Long using org.datanucleus.store.types.converters.SqlDateLongConverter
00:30:57,050 (main) DEBUG [DataNucleus.Persistence] - Added converter for java.sql.Date<->java.lang.String using org.datanucleus.store.types.converters.SqlDateStringConverter
00:30:57,051 (main) DEBUG [DataNucleus.Persistence] - Added converter for java.sql.Time<->java.lang.Long using org.datanucleus.store.types.converters.SqlTimeLongConverter
00:30:57,052 (main) DEBUG [DataNucleus.Persistence] - Added converter for java.sql.Time<->java.lang.String using org.datanucleus.store.types.converters.SqlTimeStringConverter
00:30:57,052 (main) DEBUG [DataNucleus.Persistence] - Added converter for java.sql.Timestamp<->java.lang.Long using org.datanucleus.store.types.converters.SqlTimestampLongConverter
00:30:57,053 (main) DEBUG [DataNucleus.Persistence] - Added converter for java.lang.StringBuffer<->java.lang.String using org.datanucleus.store.types.converters.StringBufferStringConverter
00:30:57,054 (main) DEBUG [DataNucleus.Persistence] - Added converter for java.lang.StringBuilder<->java.lang.String using org.datanucleus.store.types.converters.StringBuilderStringConverter
00:30:57,055 (main) DEBUG [DataNucleus.Persistence] - Added converter for java.util.TimeZone<->java.lang.String using org.datanucleus.store.types.converters.TimeZoneStringConverter
00:30:57,055 (main) DEBUG [DataNucleus.Persistence] - Added converter for java.net.URI<->java.lang.String using org.datanucleus.store.types.converters.URIStringConverter
00:30:57,056 (main) DEBUG [DataNucleus.Persistence] - Added converter for java.net.URL<->java.lang.String using org.datanucleus.store.types.converters.URLStringConverter
00:30:57,057 (main) DEBUG [DataNucleus.Persistence] - Added converter for java.util.UUID<->java.lang.String using org.datanucleus.store.types.converters.UUIDStringConverter
00:30:57,058 (main) DEBUG [DataNucleus.Persistence] - TypeConverter for javax.time.calendar.LocalDate<->java.lang.String ignored since java type not present in CLASSPATH
00:30:57,059 (main) DEBUG [DataNucleus.Persistence] - TypeConverter for javax.time.calendar.LocalTime<->java.lang.String ignored since java type not present in CLASSPATH
00:30:57,060 (main) DEBUG [DataNucleus.Persistence] - TypeConverter for javax.time.calendar.LocalTime<->java.lang.Long ignored since java type not present in CLASSPATH
00:30:57,061 (main) DEBUG [DataNucleus.Persistence] - TypeConverter for javax.time.calendar.LocalDateTime<->java.lang.String ignored since java type not present in CLASSPATH
00:30:57,062 (main) DEBUG [DataNucleus.Persistence] - Added converter for java.io.Serializable<->java.lang.String using org.datanucleus.store.types.converters.SerializableStringConverter
00:30:57,063 (main) DEBUG [DataNucleus.Persistence] - Added converter for java.io.Serializable<->[B using org.datanucleus.store.types.converters.SerializableByteArrayConverter
00:30:57,064 (main) DEBUG [DataNucleus.Persistence] - Added converter for org.joda.time.DateTime<->java.lang.String using org.datanucleus.store.types.converters.JodaDateTimeStringConverter
00:30:57,065 (main) DEBUG [DataNucleus.Persistence] - Added converter for org.joda.time.Duration<->java.lang.String using org.datanucleus.store.types.converters.JodaDurationStringConverter
00:30:57,066 (main) DEBUG [DataNucleus.Persistence] - Added converter for org.joda.time.Interval<->java.lang.String using org.datanucleus.store.types.converters.JodaIntervalStringConverter
00:30:57,067 (main) DEBUG [DataNucleus.Persistence] - Added converter for org.joda.time.LocalDate<->java.lang.String using org.datanucleus.store.types.converters.JodaLocalDateStringConverter
00:30:57,067 (main) DEBUG [DataNucleus.Persistence] - Added converter for org.joda.time.LocalTime<->java.lang.String using org.datanucleus.store.types.converters.JodaLocalTimeStringConverter
00:30:57,068 (main) DEBUG [DataNucleus.Persistence] - Added converter for org.joda.time.Period<->java.lang.String using org.datanucleus.store.types.converters.JodaPeriodStringConverter
00:30:57,068 (main) DEBUG [DataNucleus.Persistence] - Type converter support loaded
00:30:57,069 (main) DEBUG [DataNucleus.MetaData] - MetaDataManager : Input=(XML,Annotations), XML-Validation=false, XML-Suffices=(persistence=*.jdo, orm=orm, query=*.jdoquery), JDO-listener=false
00:30:57,070 (main) INFO  [DataNucleus.Enhancer] - DataNucleus Enhancer (version 3.2.11) for API "JDO" using JRE "1.7"
00:30:57,070 (main) DEBUG [DataNucleus.Enhancer] - DataNucleus Enhancer : Classpath
00:30:57,070 (main) DEBUG [DataNucleus.Enhancer] - >>  /home/dileepa/maven/apache-maven-3.1.1/boot/plexus-classworlds-2.5.1.jar
00:30:57,071 (main) DEBUG [DataNucleus.Enhancer] - Enhancing classes for JRE=1.7 with stackmap-frames=true
00:30:57,083 (main) DEBUG [DataNucleus.MetaData] - MetaData Management : Loading Metadata for classes "[dom.simple.SimpleObject, dom.simple.QSimpleObject, dom.simple.SimpleObjects]" ...
00:30:57,167 (main) DEBUG [DataNucleus.MetaData] - Class "dom.simple.SimpleObject" has been specified with JDO annotations so using those.
00:30:57,190 (main) DEBUG [DataNucleus.MetaData] - MetaData of type "jdo" for class "dom.simple.QSimpleObject" NOT found at /META-INF/package.jdo
00:30:57,190 (main) DEBUG [DataNucleus.MetaData] - MetaData of type "jdo" for class "dom.simple.QSimpleObject" NOT found at /WEB-INF/package.jdo
00:30:57,190 (main) DEBUG [DataNucleus.MetaData] - MetaData of type "jdo" for class "dom.simple.QSimpleObject" NOT found at /package.jdo
00:30:57,190 (main) DEBUG [DataNucleus.MetaData] - MetaData of type "jdo" for class "dom.simple.QSimpleObject" NOT found at /dom/package.jdo
00:30:57,190 (main) DEBUG [DataNucleus.MetaData] - MetaData of type "jdo" for class "dom.simple.QSimpleObject" NOT found at /dom.jdo
00:30:57,191 (main) DEBUG [DataNucleus.MetaData] - MetaData of type "jdo" for class "dom.simple.QSimpleObject" NOT found at /dom/simple/package.jdo
00:30:57,191 (main) DEBUG [DataNucleus.MetaData] - MetaData of type "jdo" for class "dom.simple.QSimpleObject" NOT found at /dom/simple.jdo
00:30:57,191 (main) DEBUG [DataNucleus.MetaData] - MetaData of type "jdo" for class "dom.simple.QSimpleObject" NOT found at /dom/simple/QSimpleObject.jdo
00:30:57,191 (main) DEBUG [DataNucleus.MetaData] - MetaData of type "jdo" for class "dom.simple.QSimpleObject" not found
00:30:57,191 (main) DEBUG [DataNucleus.MetaData] - Registering class "dom.simple.QSimpleObject" as not having MetaData.
00:30:57,191 (main) DEBUG [DataNucleus.MetaData] - Class "dom.simple.QSimpleObject" has no MetaData or annotations.
00:30:57,192 (main) DEBUG [DataNucleus.MetaData] - MetaData of type "jdo" for class "dom.simple.SimpleObjects" NOT found at /META-INF/package.jdo
00:30:57,192 (main) DEBUG [DataNucleus.MetaData] - MetaData of type "jdo" for class "dom.simple.SimpleObjects" NOT found at /WEB-INF/package.jdo
00:30:57,192 (main) DEBUG [DataNucleus.MetaData] - MetaData of type "jdo" for class "dom.simple.SimpleObjects" NOT found at /package.jdo
00:30:57,193 (main) DEBUG [DataNucleus.MetaData] - MetaData of type "jdo" for class "dom.simple.SimpleObjects" NOT found at /dom/package.jdo
00:30:57,193 (main) DEBUG [DataNucleus.MetaData] - MetaData of type "jdo" for class "dom.simple.SimpleObjects" NOT found at /dom.jdo
00:30:57,193 (main) DEBUG [DataNucleus.MetaData] - MetaData of type "jdo" for class "dom.simple.SimpleObjects" NOT found at /dom/simple/package.jdo
00:30:57,193 (main) DEBUG [DataNucleus.MetaData] - MetaData of type "jdo" for class "dom.simple.SimpleObjects" NOT found at /dom/simple.jdo
00:30:57,193 (main) DEBUG [DataNucleus.MetaData] - MetaData of type "jdo" for class "dom.simple.SimpleObjects" NOT found at /dom/simple/SimpleObjects.jdo
00:30:57,193 (main) DEBUG [DataNucleus.MetaData] - MetaData of type "jdo" for class "dom.simple.SimpleObjects" not found
00:30:57,194 (main) DEBUG [DataNucleus.MetaData] - Registering class "dom.simple.SimpleObjects" as not having MetaData.
00:30:57,194 (main) DEBUG [DataNucleus.MetaData] - Class "dom.simple.SimpleObjects" has no MetaData or annotations.
00:30:57,194 (main) DEBUG [DataNucleus.MetaData] - Populating all MetaData ...
00:30:57,194 (main) DEBUG [DataNucleus.MetaData] - Class "dom.simple.SimpleObject" : Populating Meta-Data
00:30:57,194 (main) DEBUG [DataNucleus.MetaData] - Class "dom.simple.SimpleObject" field "container" : Adding Meta-Data for field since it didnt appear in the Meta-Data definition.
00:30:57,196 (main) DEBUG [DataNucleus.MetaData] - MetaData of type "jdo" for class "org.apache.isis.applib.DomainObjectContainer" NOT found at /META-INF/package.jdo
00:30:57,197 (main) DEBUG [DataNucleus.MetaData] - MetaData of type "jdo" for class "org.apache.isis.applib.DomainObjectContainer" NOT found at /WEB-INF/package.jdo
00:30:57,197 (main) DEBUG [DataNucleus.MetaData] - MetaData of type "jdo" for class "org.apache.isis.applib.DomainObjectContainer" NOT found at /package.jdo
00:30:57,197 (main) DEBUG [DataNucleus.MetaData] - MetaData of type "jdo" for class "org.apache.isis.applib.DomainObjectContainer" NOT found at /org/package.jdo
00:30:57,197 (main) DEBUG [DataNucleus.MetaData] - MetaData of type "jdo" for class "org.apache.isis.applib.DomainObjectContainer" NOT found at /org.jdo
00:30:57,197 (main) DEBUG [DataNucleus.MetaData] - MetaData of type "jdo" for class "org.apache.isis.applib.DomainObjectContainer" NOT found at /org/apache/package.jdo
00:30:57,198 (main) DEBUG [DataNucleus.MetaData] - MetaData of type "jdo" for class "org.apache.isis.applib.DomainObjectContainer" NOT found at /org/apache.jdo
00:30:57,198 (main) DEBUG [DataNucleus.MetaData] - MetaData of type "jdo" for class "org.apache.isis.applib.DomainObjectContainer" NOT found at /org/apache/isis/package.jdo
00:30:57,198 (main) DEBUG [DataNucleus.MetaData] - MetaData of type "jdo" for class "org.apache.isis.applib.DomainObjectContainer" NOT found at /org/apache/isis.jdo
00:30:57,198 (main) DEBUG [DataNucleus.MetaData] - MetaData of type "jdo" for class "org.apache.isis.applib.DomainObjectContainer" NOT found at /org/apache/isis/applib/package.jdo
00:30:57,199 (main) DEBUG [DataNucleus.MetaData] - MetaData of type "jdo" for class "org.apache.isis.applib.DomainObjectContainer" NOT found at /org/apache/isis/applib.jdo
00:30:57,199 (main) DEBUG [DataNucleus.MetaData] - MetaData of type "jdo" for class "org.apache.isis.applib.DomainObjectContainer" NOT found at /org/apache/isis/applib/DomainObjectContainer.jdo
00:30:57,199 (main) DEBUG [DataNucleus.MetaData] - MetaData of type "jdo" for class "org.apache.isis.applib.DomainObjectContainer" not found
00:30:57,199 (main) DEBUG [DataNucleus.MetaData] - Registering class "org.apache.isis.applib.DomainObjectContainer" as not having MetaData.
00:30:57,200 (main) DEBUG [DataNucleus.MetaData] - Initialising all MetaData ...
00:30:57,201 (main) DEBUG [DataNucleus.MetaData] - Class "dom.simple.SimpleObject" : Initialising Meta-Data
00:30:57,203 (main) DEBUG [DataNucleus.MetaData] - MetaData Management : Load of Metadata complete
00:30:57,215 (main) DEBUG [DataNucleus.Enhancer] - Enhance of class "dom.simple.SimpleObject" starting ...
00:30:57,237 (main) DEBUG [DataNucleus.Enhancer] - Class "dom.simple.SimpleObject" doesnt implement the interface "javax.jdo.spi.PersistenceCapable" but is required
00:30:57,237 (main) DEBUG [DataNucleus.Enhancer] - Class "dom.simple.SimpleObject" doesnt have field "jdoInheritedFieldCount" but is required
00:30:57,237 (main) DEBUG [DataNucleus.Enhancer] - Class "dom.simple.SimpleObject" doesnt have field "jdoFieldNames" but is required
00:30:57,237 (main) DEBUG [DataNucleus.Enhancer] - Class "dom.simple.SimpleObject" doesnt have field "jdoPersistenceCapableSuperclass" but is required
00:30:57,237 (main) DEBUG [DataNucleus.Enhancer] - Class "dom.simple.SimpleObject" doesnt have field "jdoFieldTypes" but is required
00:30:57,237 (main) DEBUG [DataNucleus.Enhancer] - Class "dom.simple.SimpleObject" doesnt have field "jdoStateManager" but is required
00:30:57,237 (main) DEBUG [DataNucleus.Enhancer] - Class "dom.simple.SimpleObject" doesnt have field "jdoFieldFlags" but is required
00:30:57,237 (main) DEBUG [DataNucleus.Enhancer] - Class "dom.simple.SimpleObject" doesnt have field "jdoFlags" but is required
00:30:57,237 (main) DEBUG [DataNucleus.Enhancer] - Class "dom.simple.SimpleObject" doesnt have method "__jdoGetInheritedFieldCount" but is required
00:30:57,237 (main) DEBUG [DataNucleus.Enhancer] - Class "dom.simple.SimpleObject" doesnt have method "jdoNewInstance" but is required
00:30:57,237 (main) DEBUG [DataNucleus.Enhancer] - Class "dom.simple.SimpleObject" doesnt have method "jdoNewInstance" but is required
00:30:57,237 (main) DEBUG [DataNucleus.Enhancer] - Class "dom.simple.SimpleObject" doesnt have method "jdoReplaceField" but is required
00:30:57,237 (main) DEBUG [DataNucleus.Enhancer] - Class "dom.simple.SimpleObject" doesnt have method "jdoIsDirty" but is required
00:30:57,238 (main) DEBUG [DataNucleus.Enhancer] - Class "dom.simple.SimpleObject" doesnt have method "jdoReplaceFields" but is required
00:30:57,238 (main) DEBUG [DataNucleus.Enhancer] - Class "dom.simple.SimpleObject" doesnt have method "jdoIsPersistent" but is required
00:30:57,238 (main) DEBUG [DataNucleus.Enhancer] - Class "dom.simple.SimpleObject" doesnt have method "jdoIsNew" but is required
00:30:57,238 (main) DEBUG [DataNucleus.Enhancer] - Class "dom.simple.SimpleObject" doesnt have method "jdoIsTransactional" but is required
00:30:57,238 (main) DEBUG [DataNucleus.Enhancer] - Class "dom.simple.SimpleObject" doesnt have method "jdoProvideFields" but is required
00:30:57,238 (main) DEBUG [DataNucleus.Enhancer] - Class "dom.simple.SimpleObject" doesnt have method "jdoCopyFields" but is required
00:30:57,238 (main) DEBUG [DataNucleus.Enhancer] - Class "dom.simple.SimpleObject" doesnt have method "jdoCopyKeyFieldsToObjectId" but is required
00:30:57,238 (main) DEBUG [DataNucleus.Enhancer] - Class "dom.simple.SimpleObject" doesnt have method "jdoCopyKeyFieldsToObjectId" but is required
00:30:57,238 (main) DEBUG [DataNucleus.Enhancer] - Class "dom.simple.SimpleObject" doesnt have method "jdoGetManagedFieldCount" but is required
00:30:57,238 (main) DEBUG [DataNucleus.Enhancer] - Class "dom.simple.SimpleObject" doesnt have method "jdoCopyKeyFieldsFromObjectId" but is required
00:30:57,238 (main) DEBUG [DataNucleus.Enhancer] - Class "dom.simple.SimpleObject" doesnt have method "jdoCopyKeyFieldsFromObjectId" but is required
00:30:57,238 (main) DEBUG [DataNucleus.Enhancer] - Class "dom.simple.SimpleObject" doesnt have method "jdoReplaceStateManager" but is required
00:30:57,238 (main) DEBUG [DataNucleus.Enhancer] - Class "dom.simple.SimpleObject" doesnt have method "jdoNewObjectIdInstance" but is required
00:30:57,238 (main) DEBUG [DataNucleus.Enhancer] - Class "dom.simple.SimpleObject" doesnt have method "jdoNewObjectIdInstance" but is required
00:30:57,238 (main) DEBUG [DataNucleus.Enhancer] - Class "dom.simple.SimpleObject" doesnt have method "jdoGetTransactionalObjectId" but is required
00:30:57,238 (main) DEBUG [DataNucleus.Enhancer] - Class "dom.simple.SimpleObject" doesnt have method "jdoGetPersistenceManager" but is required
00:30:57,238 (main) DEBUG [DataNucleus.Enhancer] - Class "dom.simple.SimpleObject" doesnt have method "jdoMakeDirty" but is required
00:30:57,238 (main) DEBUG [DataNucleus.Enhancer] - Class "dom.simple.SimpleObject" doesnt have method "__jdoFieldFlagsInit" but is required
00:30:57,238 (main) DEBUG [DataNucleus.Enhancer] - Class "dom.simple.SimpleObject" doesnt have method "jdoSuperClone" but is required
00:30:57,239 (main) DEBUG [DataNucleus.Enhancer] - Class "dom.simple.SimpleObject" doesnt have method "__jdoFieldNamesInit" but is required
00:30:57,239 (main) DEBUG [DataNucleus.Enhancer] - Class "dom.simple.SimpleObject" doesnt have method "jdoProvideField" but is required
00:30:57,239 (main) DEBUG [DataNucleus.Enhancer] - Class "dom.simple.SimpleObject" doesnt have method "jdoPreSerialize" but is required
00:30:57,239 (main) DEBUG [DataNucleus.Enhancer] - Class "dom.simple.SimpleObject" doesnt have method "jdoCopyField" but is required
00:30:57,239 (main) DEBUG [DataNucleus.Enhancer] - Class "dom.simple.SimpleObject" doesnt have method "jdoIsDeleted" but is required
00:30:57,239 (main) DEBUG [DataNucleus.Enhancer] - Class "dom.simple.SimpleObject" doesnt have method "jdoReplaceFlags" but is required
00:30:57,239 (main) DEBUG [DataNucleus.Enhancer] - Class "dom.simple.SimpleObject" doesnt have method "jdoGetObjectId" but is required
00:30:57,239 (main) DEBUG [DataNucleus.Enhancer] - Class "dom.simple.SimpleObject" doesnt have method "jdoIsDetached" but is required
00:30:57,239 (main) DEBUG [DataNucleus.Enhancer] - Class "dom.simple.SimpleObject" doesnt have method "__jdoPersistenceCapableSuperclassInit" but is required
00:30:57,239 (main) DEBUG [DataNucleus.Enhancer] - Class "dom.simple.SimpleObject" doesnt have method "___jdo$loadClass" but is required
00:30:57,239 (main) DEBUG [DataNucleus.Enhancer] - Class "dom.simple.SimpleObject" doesnt have method "__jdoFieldTypesInit" but is required
00:30:57,239 (main) DEBUG [DataNucleus.Enhancer] - Class "dom.simple.SimpleObject" doesnt have method "jdoGetVersion" but is required
00:30:57,247 (main) DEBUG [DataNucleus.Enhancer] - Adding interface: javax.jdo.spi.PersistenceCapable
00:30:57,252 (main) DEBUG [DataNucleus.Enhancer] - Adding method "java.lang.String jdoGetname()"
00:30:57,254 (main) DEBUG [DataNucleus.Enhancer] - Adding method "void jdoSetname(class java.lang.String val)"
00:30:57,255 (main) DEBUG [DataNucleus.Enhancer] - Adding field "javax.jdo.spi.StateManager jdoStateManager"
00:30:57,255 (main) DEBUG [DataNucleus.Enhancer] - Adding field "byte jdoFlags"
00:30:57,255 (main) DEBUG [DataNucleus.Enhancer] - Adding field "[B jdoFieldFlags"
00:30:57,255 (main) DEBUG [DataNucleus.Enhancer] - Adding field "java.lang.Class jdoPersistenceCapableSuperclass"
00:30:57,255 (main) DEBUG [DataNucleus.Enhancer] - Adding field "[Ljava.lang.Class; jdoFieldTypes"
00:30:57,255 (main) DEBUG [DataNucleus.Enhancer] - Adding field "[Ljava.lang.String; jdoFieldNames"
00:30:57,255 (main) DEBUG [DataNucleus.Enhancer] - Adding field "int jdoInheritedFieldCount"
00:30:57,256 (main) DEBUG [DataNucleus.Enhancer] - Adding method "void <clinit>()"
00:30:57,256 (main) DEBUG [DataNucleus.Enhancer] - Adding method "void jdoCopyKeyFieldsFromObjectId(interface javax.jdo.spi.PersistenceCapable$ObjectIdFieldConsumer fc, class java.lang.Object oid)"
00:30:57,256 (main) DEBUG [DataNucleus.Enhancer] - Adding method "void jdoCopyKeyFieldsFromObjectId(class java.lang.Object oid)"
00:30:57,257 (main) DEBUG [DataNucleus.Enhancer] - Adding method "void jdoCopyKeyFieldsToObjectId(class java.lang.Object oid)"
00:30:57,257 (main) DEBUG [DataNucleus.Enhancer] - Adding method "void jdoCopyKeyFieldsToObjectId(interface javax.jdo.spi.PersistenceCapable$ObjectIdFieldSupplier fs, class java.lang.Object oid)"
00:30:57,257 (main) DEBUG [DataNucleus.Enhancer] - Adding method "java.lang.Object jdoGetObjectId()"
00:30:57,257 (main) DEBUG [DataNucleus.Enhancer] - Adding method "java.lang.Object jdoGetVersion()"
00:30:57,257 (main) DEBUG [DataNucleus.Enhancer] - Adding method "void jdoPreSerialize()"
00:30:57,257 (main) DEBUG [DataNucleus.Enhancer] - Adding method "javax.jdo.PersistenceManager jdoGetPersistenceManager()"
00:30:57,258 (main) DEBUG [DataNucleus.Enhancer] - Adding method "java.lang.Object jdoGetTransactionalObjectId()"
00:30:57,258 (main) DEBUG [DataNucleus.Enhancer] - Adding method "boolean jdoIsDeleted()"
00:30:57,259 (main) DEBUG [DataNucleus.Enhancer] - Adding method "boolean jdoIsDirty()"
00:30:57,259 (main) DEBUG [DataNucleus.Enhancer] - Adding method "boolean jdoIsNew()"
00:30:57,259 (main) DEBUG [DataNucleus.Enhancer] - Adding method "boolean jdoIsPersistent()"
00:30:57,259 (main) DEBUG [DataNucleus.Enhancer] - Adding method "boolean jdoIsTransactional()"
00:30:57,259 (main) DEBUG [DataNucleus.Enhancer] - Adding method "void jdoMakeDirty(class java.lang.String fieldName)"
00:30:57,259 (main) DEBUG [DataNucleus.Enhancer] - Adding method "java.lang.Object jdoNewObjectIdInstance()"
00:30:57,259 (main) DEBUG [DataNucleus.Enhancer] - Adding method "java.lang.Object jdoNewObjectIdInstance(class java.lang.Object key)"
00:30:57,260 (main) DEBUG [DataNucleus.Enhancer] - Adding method "void jdoProvideFields(class [I indices)"
00:30:57,260 (main) DEBUG [DataNucleus.Enhancer] - Adding method "void jdoReplaceFields(class [I indices)"
00:30:57,260 (main) DEBUG [DataNucleus.Enhancer] - Adding method "void jdoReplaceFlags()"
00:30:57,260 (main) DEBUG [DataNucleus.Enhancer] - Adding method "void jdoReplaceStateManager(interface javax.jdo.spi.StateManager sm)"
00:30:57,260 (main) DEBUG [DataNucleus.Enhancer] - Adding method "boolean jdoIsDetached()"
00:30:57,261 (main) DEBUG [DataNucleus.Enhancer] - Adding method "javax.jdo.spi.PersistenceCapable jdoNewInstance(interface javax.jdo.spi.StateManager sm)"
00:30:57,261 (main) DEBUG [DataNucleus.Enhancer] - Adding method "javax.jdo.spi.PersistenceCapable jdoNewInstance(interface javax.jdo.spi.StateManager sm, class java.lang.Object obj)"
00:30:57,261 (main) DEBUG [DataNucleus.Enhancer] - Adding method "void jdoReplaceField(int index)"
00:30:57,261 (main) DEBUG [DataNucleus.Enhancer] - Adding method "void jdoProvideField(int index)"
00:30:57,262 (main) DEBUG [DataNucleus.Enhancer] - Adding method "void jdoCopyField(class dom.simple.SimpleObject obj, int index)"
00:30:57,262 (main) DEBUG [DataNucleus.Enhancer] - Adding method "void jdoCopyFields(class java.lang.Object obj, class [I indices)"
00:30:57,262 (main) DEBUG [DataNucleus.Enhancer] - Adding method "[Ljava.lang.String; __jdoFieldNamesInit()"
00:30:57,262 (main) DEBUG [DataNucleus.Enhancer] - Adding method "[Ljava.lang.Class; __jdoFieldTypesInit()"
00:30:57,262 (main) DEBUG [DataNucleus.Enhancer] - Adding method "[B __jdoFieldFlagsInit()"
00:30:57,262 (main) DEBUG [DataNucleus.Enhancer] - Adding method "int __jdoGetInheritedFieldCount()"
00:30:57,262 (main) DEBUG [DataNucleus.Enhancer] - Adding method "int jdoGetManagedFieldCount()"
00:30:57,263 (main) DEBUG [DataNucleus.Enhancer] - Adding method "java.lang.Class __jdoPersistenceCapableSuperclassInit()"
00:30:57,263 (main) DEBUG [DataNucleus.Enhancer] - Adding method "java.lang.Class ___jdo$loadClass(class java.lang.String className)"
00:30:57,263 (main) DEBUG [DataNucleus.Enhancer] - Adding method "java.lang.Object jdoSuperClone()"
00:30:57,264 (main) INFO  [DataNucleus.Enhancer] - Writing class file "/home/dileepa/MyData/GSOC/gsoc2014/ReputationBox_Isis/project_new/isis-reputationbox/reputationbox/dom/target/classes/dom/simple/SimpleObject.class" with enhanced definition
00:30:57,264 (main) INFO  [DataNucleus.Enhancer] - ENHANCED (PersistenceCapable) : dom.simple.SimpleObject
00:30:57,265 (main) DEBUG [DataNucleus.Enhancer] - Enhance of class "dom.simple.SimpleObject" completed
00:30:57,265 (main) INFO  [DataNucleus.Enhancer] - DataNucleus Enhancer completed with success for 1 classes. Timings : input=132 ms, enhance=62 ms, total=194 ms. Consult the log for full details
00:33:40,817 (main) DEBUG [DataNucleus.General] - Using PluginRegistry org.datanucleus.plugin.NonManagedPluginRegistry
00:33:40,841 (main) DEBUG [DataNucleus.General] - Registering bundle org.sonatype.inject version 2.3.0 at URL file:/home/dileepa/.m2/repository/org/sonatype/sisu/sisu-inject-bean/2.3.0/sisu-inject-bean-2.3.0.jar.
00:33:40,851 (main) DEBUG [DataNucleus.General] - Loading extension points from plug-in file jar:file:/home/dileepa/.m2/repository/org/sonatype/sisu/sisu-inject-bean/2.3.0/sisu-inject-bean-2.3.0.jar!/plugin.xml.
00:33:40,853 (main) DEBUG [DataNucleus.General] - Loading extensions from plug-in file jar:file:/home/dileepa/.m2/repository/org/sonatype/sisu/sisu-inject-bean/2.3.0/sisu-inject-bean-2.3.0.jar!/plugin.xml.
00:33:40,854 (main) DEBUG [DataNucleus.General] - Registering bundle org.datanucleus.store.rdbms version 3.2.10 at URL file:/home/dileepa/.m2/repository/org/datanucleus/datanucleus-rdbms/3.2.10/datanucleus-rdbms-3.2.10.jar.
00:33:40,919 (main) DEBUG [DataNucleus.General] - Loading extension points from plug-in file jar:file:/home/dileepa/.m2/repository/org/datanucleus/datanucleus-rdbms/3.2.10/datanucleus-rdbms-3.2.10.jar!/plugin.xml.
00:33:40,952 (main) DEBUG [DataNucleus.General] - Loading extensions from plug-in file jar:file:/home/dileepa/.m2/repository/org/datanucleus/datanucleus-rdbms/3.2.10/datanucleus-rdbms-3.2.10.jar!/plugin.xml.
00:33:40,968 (main) DEBUG [DataNucleus.General] - Registering bundle org.datanucleus.store.types.jodatime version 3.2.1 at URL file:/home/dileepa/.m2/repository/org/datanucleus/datanucleus-jodatime/3.2.1/datanucleus-jodatime-3.2.1.jar.
00:33:40,972 (main) DEBUG [DataNucleus.General] - Loading extension points from plug-in file jar:file:/home/dileepa/.m2/repository/org/datanucleus/datanucleus-jodatime/3.2.1/datanucleus-jodatime-3.2.1.jar!/plugin.xml.
00:33:40,973 (main) DEBUG [DataNucleus.General] - Loading extensions from plug-in file jar:file:/home/dileepa/.m2/repository/org/datanucleus/datanucleus-jodatime/3.2.1/datanucleus-jodatime-3.2.1.jar!/plugin.xml.
00:33:40,974 (main) DEBUG [DataNucleus.General] - Registering bundle org.datanucleus.api.jdo version 3.2.7 at URL file:/home/dileepa/.m2/repository/org/datanucleus/datanucleus-api-jdo/3.2.7/datanucleus-api-jdo-3.2.7.jar.
00:33:40,983 (main) DEBUG [DataNucleus.General] - Loading extension points from plug-in file jar:file:/home/dileepa/.m2/repository/org/datanucleus/datanucleus-api-jdo/3.2.7/datanucleus-api-jdo-3.2.7.jar!/plugin.xml.
00:33:40,986 (main) DEBUG [DataNucleus.General] - Loading extensions from plug-in file jar:file:/home/dileepa/.m2/repository/org/datanucleus/datanucleus-api-jdo/3.2.7/datanucleus-api-jdo-3.2.7.jar!/plugin.xml.
00:33:40,988 (main) DEBUG [DataNucleus.General] - Registering bundle org.datanucleus.jdo.query version 3.0.2 at URL file:/home/dileepa/.m2/repository/org/datanucleus/datanucleus-jdo-query/3.0.2/datanucleus-jdo-query-3.0.2.jar.
00:33:40,989 (main) DEBUG [DataNucleus.General] - Loading extension points from plug-in file jar:file:/home/dileepa/.m2/repository/org/datanucleus/datanucleus-jdo-query/3.0.2/datanucleus-jdo-query-3.0.2.jar!/plugin.xml.
00:33:40,989 (main) DEBUG [DataNucleus.General] - Loading extensions from plug-in file jar:file:/home/dileepa/.m2/repository/org/datanucleus/datanucleus-jdo-query/3.0.2/datanucleus-jdo-query-3.0.2.jar!/plugin.xml.
00:33:40,990 (main) DEBUG [DataNucleus.General] - Registering bundle org.datanucleus version 3.2.11 at URL file:/home/dileepa/.m2/repository/org/datanucleus/datanucleus-core/3.2.11/datanucleus-core-3.2.11.jar.
00:33:41,010 (main) DEBUG [DataNucleus.General] - Loading extension points from plug-in file jar:file:/home/dileepa/.m2/repository/org/datanucleus/datanucleus-core/3.2.11/datanucleus-core-3.2.11.jar!/plugin.xml.
00:33:41,035 (main) DEBUG [DataNucleus.General] - Loading extensions from plug-in file jar:file:/home/dileepa/.m2/repository/org/datanucleus/datanucleus-core/3.2.11/datanucleus-core-3.2.11.jar!/plugin.xml.
00:33:41,069 (main) DEBUG [DataNucleus.Persistence] - Java types support initialising ...
00:33:41,073 (main) DEBUG [DataNucleus.Persistence] - Not enabling java type support for javax.time.calendar.LocalDate : java type not present in CLASSPATH
00:33:41,073 (main) DEBUG [DataNucleus.Persistence] - Not enabling java type support for javax.time.calendar.LocalDateTime : java type not present in CLASSPATH
00:33:41,073 (main) DEBUG [DataNucleus.Persistence] - Not enabling java type support for javax.time.calendar.LocalTime : java type not present in CLASSPATH
00:33:41,114 (main) DEBUG [DataNucleus.Persistence] - Java types support loaded : supported java types=java.util.TimeZone, org.joda.time.DateTime, [Ljava.lang.Byte;, [Ljava.lang.Integer;, java.util.SortedMap, char, java.lang.Boolean, [Ljava.lang.Boolean;, java.lang.Long, java.sql.Timestamp, org.joda.time.Duration, [Ljava.lang.Double;, java.lang.Float, long, float, java.util.BitSet, java.util.Stack, java.math.BigInteger, java.lang.Double, java.util.Vector, byte, java.util.Locale, java.lang.Class, [Ljava.lang.Long;, java.sql.Time, boolean, [Ljava.lang.Short;, java.util.LinkedList, java.util.PriorityQueue, [Ljava.lang.Enum;, java.util.List, int, java.util.TreeMap, java.lang.Integer, java.lang.Short, double, java.lang.Number, java.util.LinkedHashMap, java.sql.Date, [Ljava.util.Locale;, java.util.Arrays$ArrayList, org.joda.time.LocalDate, java.lang.Byte, java.util.UUID, [Ljava.lang.String;, [Ljava.util.Date;, java.util.Currency, java.util.Properties, java.util.Calendar, java.util.Map, java.awt.Color, org.joda.time.Period, java.lang.StringBuilder, org.joda.time.LocalTime, java.util.HashMap, [Ljava.lang.Character;, short, java.util.GregorianCalendar, java.util.TreeSet, java.lang.Character, java.util.SortedSet, java.util.Set, java.util.Collection, java.util.ArrayList, java.lang.StringBuffer, [Ljava.math.BigDecimal;, [B, java.util.Hashtable, [F, java.lang.String, java.net.URI, [C, java.awt.image.BufferedImage, [D, java.util.Date, [I, [J, [Ljava.lang.Number;, [Ljava.lang.Float;, [Ljava.math.BigInteger;, java.net.URL, java.util.HashSet, java.math.BigDecimal, org.joda.time.Interval, [S, [Z, java.util.Queue, java.lang.Enum, java.util.LinkedHashSet
00:33:41,114 (main) DEBUG [DataNucleus.Persistence] - Type converter support initialising ...
00:33:41,115 (main) DEBUG [DataNucleus.Persistence] - Added converter for java.math.BigDecimal<->java.lang.String using org.datanucleus.store.types.converters.BigDecimalStringConverter
00:33:41,115 (main) DEBUG [DataNucleus.Persistence] - Added converter for java.math.BigInteger<->java.lang.String using org.datanucleus.store.types.converters.BigIntegerStringConverter
00:33:41,116 (main) DEBUG [DataNucleus.Persistence] - Added converter for java.util.BitSet<->java.lang.String using org.datanucleus.store.types.converters.BitSetStringConverter
00:33:41,117 (main) DEBUG [DataNucleus.Persistence] - Added converter for java.util.Calendar<->java.lang.String using org.datanucleus.store.types.converters.CalendarStringConverter
00:33:41,117 (main) DEBUG [DataNucleus.Persistence] - Added converter for java.lang.Class<->java.lang.String using org.datanucleus.store.types.converters.ClassStringConverter
00:33:41,118 (main) DEBUG [DataNucleus.Persistence] - Added converter for java.awt.Color<->java.lang.String using org.datanucleus.store.types.converters.ColorStringConverter
00:33:41,118 (main) DEBUG [DataNucleus.Persistence] - Added converter for java.lang.Integer<->java.lang.String using org.datanucleus.store.types.converters.IntegerStringConverter
00:33:41,119 (main) DEBUG [DataNucleus.Persistence] - Added converter for java.lang.Long<->java.lang.String using org.datanucleus.store.types.converters.LongStringConverter
00:33:41,119 (main) DEBUG [DataNucleus.Persistence] - Added converter for java.util.Currency<->java.lang.String using org.datanucleus.store.types.converters.CurrencyStringConverter
00:33:41,120 (main) DEBUG [DataNucleus.Persistence] - Added converter for java.util.Date<->java.lang.Long using org.datanucleus.store.types.converters.DateLongConverter
00:33:41,120 (main) DEBUG [DataNucleus.Persistence] - Added converter for java.util.Date<->java.lang.String using org.datanucleus.store.types.converters.DateStringConverter
00:33:41,121 (main) DEBUG [DataNucleus.Persistence] - Added converter for java.util.Locale<->java.lang.String using org.datanucleus.store.types.converters.LocaleStringConverter
00:33:41,121 (main) DEBUG [DataNucleus.Persistence] - Added converter for java.sql.Date<->java.lang.Long using org.datanucleus.store.types.converters.SqlDateLongConverter
00:33:41,122 (main) DEBUG [DataNucleus.Persistence] - Added converter for java.sql.Date<->java.lang.String using org.datanucleus.store.types.converters.SqlDateStringConverter
00:33:41,122 (main) DEBUG [DataNucleus.Persistence] - Added converter for java.sql.Time<->java.lang.Long using org.datanucleus.store.types.converters.SqlTimeLongConverter
00:33:41,123 (main) DEBUG [DataNucleus.Persistence] - Added converter for java.sql.Time<->java.lang.String using org.datanucleus.store.types.converters.SqlTimeStringConverter
00:33:41,123 (main) DEBUG [DataNucleus.Persistence] - Added converter for java.sql.Timestamp<->java.lang.Long using org.datanucleus.store.types.converters.SqlTimestampLongConverter
00:33:41,124 (main) DEBUG [DataNucleus.Persistence] - Added converter for java.lang.StringBuffer<->java.lang.String using org.datanucleus.store.types.converters.StringBufferStringConverter
00:33:41,124 (main) DEBUG [DataNucleus.Persistence] - Added converter for java.lang.StringBuilder<->java.lang.String using org.datanucleus.store.types.converters.StringBuilderStringConverter
00:33:41,125 (main) DEBUG [DataNucleus.Persistence] - Added converter for java.util.TimeZone<->java.lang.String using org.datanucleus.store.types.converters.TimeZoneStringConverter
00:33:41,125 (main) DEBUG [DataNucleus.Persistence] - Added converter for java.net.URI<->java.lang.String using org.datanucleus.store.types.converters.URIStringConverter
00:33:41,125 (main) DEBUG [DataNucleus.Persistence] - Added converter for java.net.URL<->java.lang.String using org.datanucleus.store.types.converters.URLStringConverter
00:33:41,126 (main) DEBUG [DataNucleus.Persistence] - Added converter for java.util.UUID<->java.lang.String using org.datanucleus.store.types.converters.UUIDStringConverter
00:33:41,127 (main) DEBUG [DataNucleus.Persistence] - TypeConverter for javax.time.calendar.LocalDate<->java.lang.String ignored since java type not present in CLASSPATH
00:33:41,127 (main) DEBUG [DataNucleus.Persistence] - TypeConverter for javax.time.calendar.LocalTime<->java.lang.String ignored since java type not present in CLASSPATH
00:33:41,128 (main) DEBUG [DataNucleus.Persistence] - TypeConverter for javax.time.calendar.LocalTime<->java.lang.Long ignored since java type not present in CLASSPATH
00:33:41,128 (main) DEBUG [DataNucleus.Persistence] - TypeConverter for javax.time.calendar.LocalDateTime<->java.lang.String ignored since java type not present in CLASSPATH
00:33:41,129 (main) DEBUG [DataNucleus.Persistence] - Added converter for java.io.Serializable<->java.lang.String using org.datanucleus.store.types.converters.SerializableStringConverter
00:33:41,129 (main) DEBUG [DataNucleus.Persistence] - Added converter for java.io.Serializable<->[B using org.datanucleus.store.types.converters.SerializableByteArrayConverter
00:33:41,131 (main) DEBUG [DataNucleus.Persistence] - Added converter for org.joda.time.DateTime<->java.lang.String using org.datanucleus.store.types.converters.JodaDateTimeStringConverter
00:33:41,131 (main) DEBUG [DataNucleus.Persistence] - Added converter for org.joda.time.Duration<->java.lang.String using org.datanucleus.store.types.converters.JodaDurationStringConverter
00:33:41,132 (main) DEBUG [DataNucleus.Persistence] - Added converter for org.joda.time.Interval<->java.lang.String using org.datanucleus.store.types.converters.JodaIntervalStringConverter
00:33:41,132 (main) DEBUG [DataNucleus.Persistence] - Added converter for org.joda.time.LocalDate<->java.lang.String using org.datanucleus.store.types.converters.JodaLocalDateStringConverter
00:33:41,133 (main) DEBUG [DataNucleus.Persistence] - Added converter for org.joda.time.LocalTime<->java.lang.String using org.datanucleus.store.types.converters.JodaLocalTimeStringConverter
00:33:41,133 (main) DEBUG [DataNucleus.Persistence] - Added converter for org.joda.time.Period<->java.lang.String using org.datanucleus.store.types.converters.JodaPeriodStringConverter
00:33:41,133 (main) DEBUG [DataNucleus.Persistence] - Type converter support loaded
00:33:41,134 (main) DEBUG [DataNucleus.MetaData] - MetaDataManager : Input=(XML,Annotations), XML-Validation=false, XML-Suffices=(persistence=*.jdo, orm=orm, query=*.jdoquery), JDO-listener=false
00:33:41,134 (main) INFO  [DataNucleus.Enhancer] - DataNucleus Enhancer (version 3.2.11) for API "JDO" using JRE "1.7"
00:33:41,134 (main) DEBUG [DataNucleus.Enhancer] - DataNucleus Enhancer : Classpath
00:33:41,135 (main) DEBUG [DataNucleus.Enhancer] - >>  /home/dileepa/maven/apache-maven-3.1.1/boot/plexus-classworlds-2.5.1.jar
00:33:41,135 (main) DEBUG [DataNucleus.Enhancer] - Enhancing classes for JRE=1.7 with stackmap-frames=true
00:33:41,144 (main) DEBUG [DataNucleus.MetaData] - MetaData Management : Loading Metadata for classes "[dom.simple.SimpleObject, dom.simple.QSimpleObject, dom.simple.SimpleObjects, org.scribe.utils.URLUtils, org.scribe.utils.URLUtils$EncodingRule, at.tomtasche.contextio.ContextIOResponse, at.tomtasche.contextio.ContextIO, at.tomtasche.contextio.Test, at.tomtasche.contextio.ContextIOApi]" ...
00:33:41,216 (main) DEBUG [DataNucleus.MetaData] - Class "dom.simple.SimpleObject" has been specified with JDO annotations so using those.
00:33:41,236 (main) DEBUG [DataNucleus.MetaData] - MetaData of type "jdo" for class "dom.simple.QSimpleObject" NOT found at /META-INF/package.jdo
00:33:41,237 (main) DEBUG [DataNucleus.MetaData] - MetaData of type "jdo" for class "dom.simple.QSimpleObject" NOT found at /WEB-INF/package.jdo
00:33:41,237 (main) DEBUG [DataNucleus.MetaData] - MetaData of type "jdo" for class "dom.simple.QSimpleObject" NOT found at /package.jdo
00:33:41,237 (main) DEBUG [DataNucleus.MetaData] - MetaData of type "jdo" for class "dom.simple.QSimpleObject" NOT found at /dom/package.jdo
00:33:41,237 (main) DEBUG [DataNucleus.MetaData] - MetaData of type "jdo" for class "dom.simple.QSimpleObject" NOT found at /dom.jdo
00:33:41,238 (main) DEBUG [DataNucleus.MetaData] - MetaData of type "jdo" for class "dom.simple.QSimpleObject" NOT found at /dom/simple/package.jdo
00:33:41,238 (main) DEBUG [DataNucleus.MetaData] - MetaData of type "jdo" for class "dom.simple.QSimpleObject" NOT found at /dom/simple.jdo
00:33:41,238 (main) DEBUG [DataNucleus.MetaData] - MetaData of type "jdo" for class "dom.simple.QSimpleObject" NOT found at /dom/simple/QSimpleObject.jdo
00:33:41,238 (main) DEBUG [DataNucleus.MetaData] - MetaData of type "jdo" for class "dom.simple.QSimpleObject" not found
00:33:41,238 (main) DEBUG [DataNucleus.MetaData] - Registering class "dom.simple.QSimpleObject" as not having MetaData.
00:33:41,239 (main) DEBUG [DataNucleus.MetaData] - Class "dom.simple.QSimpleObject" has no MetaData or annotations.
00:33:41,239 (main) DEBUG [DataNucleus.MetaData] - MetaData of type "jdo" for class "dom.simple.SimpleObjects" NOT found at /META-INF/package.jdo
00:33:41,239 (main) DEBUG [DataNucleus.MetaData] - MetaData of type "jdo" for class "dom.simple.SimpleObjects" NOT found at /WEB-INF/package.jdo
00:33:41,240 (main) DEBUG [DataNucleus.MetaData] - MetaData of type "jdo" for class "dom.simple.SimpleObjects" NOT found at /package.jdo
00:33:41,240 (main) DEBUG [DataNucleus.MetaData] - MetaData of type "jdo" for class "dom.simple.SimpleObjects" NOT found at /dom/package.jdo
00:33:41,240 (main) DEBUG [DataNucleus.MetaData] - MetaData of type "jdo" for class "dom.simple.SimpleObjects" NOT found at /dom.jdo
00:33:41,240 (main) DEBUG [DataNucleus.MetaData] - MetaData of type "jdo" for class "dom.simple.SimpleObjects" NOT found at /dom/simple/package.jdo
00:33:41,241 (main) DEBUG [DataNucleus.MetaData] - MetaData of type "jdo" for class "dom.simple.SimpleObjects" NOT found at /dom/simple.jdo
00:33:41,241 (main) DEBUG [DataNucleus.MetaData] - MetaData of type "jdo" for class "dom.simple.SimpleObjects" NOT found at /dom/simple/SimpleObjects.jdo
00:33:41,241 (main) DEBUG [DataNucleus.MetaData] - MetaData of type "jdo" for class "dom.simple.SimpleObjects" not found
00:33:41,241 (main) DEBUG [DataNucleus.MetaData] - Registering class "dom.simple.SimpleObjects" as not having MetaData.
00:33:41,241 (main) DEBUG [DataNucleus.MetaData] - Class "dom.simple.SimpleObjects" has no MetaData or annotations.
00:33:41,242 (main) DEBUG [DataNucleus.MetaData] - MetaData of type "jdo" for class "org.scribe.utils.URLUtils" NOT found at /META-INF/package.jdo
00:33:41,242 (main) DEBUG [DataNucleus.MetaData] - MetaData of type "jdo" for class "org.scribe.utils.URLUtils" NOT found at /WEB-INF/package.jdo
00:33:41,242 (main) DEBUG [DataNucleus.MetaData] - MetaData of type "jdo" for class "org.scribe.utils.URLUtils" NOT found at /package.jdo
00:33:41,243 (main) DEBUG [DataNucleus.MetaData] - MetaData of type "jdo" for class "org.scribe.utils.URLUtils" NOT found at /org/package.jdo
00:33:41,243 (main) DEBUG [DataNucleus.MetaData] - MetaData of type "jdo" for class "org.scribe.utils.URLUtils" NOT found at /org.jdo
00:33:41,243 (main) DEBUG [DataNucleus.MetaData] - MetaData of type "jdo" for class "org.scribe.utils.URLUtils" NOT found at /org/scribe/package.jdo
00:33:41,244 (main) DEBUG [DataNucleus.MetaData] - MetaData of type "jdo" for class "org.scribe.utils.URLUtils" NOT found at /org/scribe.jdo
00:33:41,244 (main) DEBUG [DataNucleus.MetaData] - MetaData of type "jdo" for class "org.scribe.utils.URLUtils" NOT found at /org/scribe/utils/package.jdo
00:33:41,244 (main) DEBUG [DataNucleus.MetaData] - MetaData of type "jdo" for class "org.scribe.utils.URLUtils" NOT found at /org/scribe/utils.jdo
00:33:41,244 (main) DEBUG [DataNucleus.MetaData] - MetaData of type "jdo" for class "org.scribe.utils.URLUtils" NOT found at /org/scribe/utils/URLUtils.jdo
00:33:41,244 (main) DEBUG [DataNucleus.MetaData] - MetaData of type "jdo" for class "org.scribe.utils.URLUtils" not found
00:33:41,244 (main) DEBUG [DataNucleus.MetaData] - Registering class "org.scribe.utils.URLUtils" as not having MetaData.
00:33:41,245 (main) DEBUG [DataNucleus.MetaData] - Class "org.scribe.utils.URLUtils" has no MetaData or annotations.
00:33:41,245 (main) DEBUG [DataNucleus.MetaData] - MetaData of type "jdo" for class "org.scribe.utils.URLUtils$EncodingRule" NOT found at /META-INF/package.jdo
00:33:41,245 (main) DEBUG [DataNucleus.MetaData] - MetaData of type "jdo" for class "org.scribe.utils.URLUtils$EncodingRule" NOT found at /WEB-INF/package.jdo
00:33:41,246 (main) DEBUG [DataNucleus.MetaData] - MetaData of type "jdo" for class "org.scribe.utils.URLUtils$EncodingRule" NOT found at /package.jdo
00:33:41,246 (main) DEBUG [DataNucleus.MetaData] - MetaData of type "jdo" for class "org.scribe.utils.URLUtils$EncodingRule" NOT found at /org/package.jdo
00:33:41,246 (main) DEBUG [DataNucleus.MetaData] - MetaData of type "jdo" for class "org.scribe.utils.URLUtils$EncodingRule" NOT found at /org.jdo
00:33:41,246 (main) DEBUG [DataNucleus.MetaData] - MetaData of type "jdo" for class "org.scribe.utils.URLUtils$EncodingRule" NOT found at /org/scribe/package.jdo
00:33:41,247 (main) DEBUG [DataNucleus.MetaData] - MetaData of type "jdo" for class "org.scribe.utils.URLUtils$EncodingRule" NOT found at /org/scribe.jdo
00:33:41,247 (main) DEBUG [DataNucleus.MetaData] - MetaData of type "jdo" for class "org.scribe.utils.URLUtils$EncodingRule" NOT found at /org/scribe/utils/package.jdo
00:33:41,247 (main) DEBUG [DataNucleus.MetaData] - MetaData of type "jdo" for class "org.scribe.utils.URLUtils$EncodingRule" NOT found at /org/scribe/utils.jdo
00:33:41,247 (main) DEBUG [DataNucleus.MetaData] - MetaData of type "jdo" for class "org.scribe.utils.URLUtils$EncodingRule" NOT found at /org/scribe/utils/URLUtils$EncodingRule.jdo
00:33:41,247 (main) DEBUG [DataNucleus.MetaData] - MetaData of type "jdo" for class "org.scribe.utils.URLUtils$EncodingRule" not found
00:33:41,248 (main) DEBUG [DataNucleus.MetaData] - Registering class "org.scribe.utils.URLUtils$EncodingRule" as not having MetaData.
00:33:41,248 (main) DEBUG [DataNucleus.MetaData] - Class "org.scribe.utils.URLUtils$EncodingRule" has no MetaData or annotations.
00:33:41,248 (main) DEBUG [DataNucleus.MetaData] - MetaData of type "jdo" for class "at.tomtasche.contextio.ContextIOResponse" NOT found at /META-INF/package.jdo
00:33:41,249 (main) DEBUG [DataNucleus.MetaData] - MetaData of type "jdo" for class "at.tomtasche.contextio.ContextIOResponse" NOT found at /WEB-INF/package.jdo
00:33:41,249 (main) DEBUG [DataNucleus.MetaData] - MetaData of type "jdo" for class "at.tomtasche.contextio.ContextIOResponse" NOT found at /package.jdo
00:33:41,249 (main) DEBUG [DataNucleus.MetaData] - MetaData of type "jdo" for class "at.tomtasche.contextio.ContextIOResponse" NOT found at /at/package.jdo
00:33:41,249 (main) DEBUG [DataNucleus.MetaData] - MetaData of type "jdo" for class "at.tomtasche.contextio.ContextIOResponse" NOT found at /at.jdo
00:33:41,250 (main) DEBUG [DataNucleus.MetaData] - MetaData of type "jdo" for class "at.tomtasche.contextio.ContextIOResponse" NOT found at /at/tomtasche/package.jdo
00:33:41,250 (main) DEBUG [DataNucleus.MetaData] - MetaData of type "jdo" for class "at.tomtasche.contextio.ContextIOResponse" NOT found at /at/tomtasche.jdo
00:33:41,250 (main) DEBUG [DataNucleus.MetaData] - MetaData of type "jdo" for class "at.tomtasche.contextio.ContextIOResponse" NOT found at /at/tomtasche/contextio/package.jdo
00:33:41,250 (main) DEBUG [DataNucleus.MetaData] - MetaData of type "jdo" for class "at.tomtasche.contextio.ContextIOResponse" NOT found at /at/tomtasche/contextio.jdo
00:33:41,251 (main) DEBUG [DataNucleus.MetaData] - MetaData of type "jdo" for class "at.tomtasche.contextio.ContextIOResponse" NOT found at /at/tomtasche/contextio/ContextIOResponse.jdo
00:33:41,251 (main) DEBUG [DataNucleus.MetaData] - MetaData of type "jdo" for class "at.tomtasche.contextio.ContextIOResponse" not found
00:33:41,251 (main) DEBUG [DataNucleus.MetaData] - Registering class "at.tomtasche.contextio.ContextIOResponse" as not having MetaData.
00:33:41,251 (main) DEBUG [DataNucleus.MetaData] - Class "at.tomtasche.contextio.ContextIOResponse" has no MetaData or annotations.
00:33:41,252 (main) DEBUG [DataNucleus.MetaData] - MetaData of type "jdo" for class "at.tomtasche.contextio.ContextIO" NOT found at /META-INF/package.jdo
00:33:41,252 (main) DEBUG [DataNucleus.MetaData] - MetaData of type "jdo" for class "at.tomtasche.contextio.ContextIO" NOT found at /WEB-INF/package.jdo
00:33:41,252 (main) DEBUG [DataNucleus.MetaData] - MetaData of type "jdo" for class "at.tomtasche.contextio.ContextIO" NOT found at /package.jdo
00:33:41,253 (main) DEBUG [DataNucleus.MetaData] - MetaData of type "jdo" for class "at.tomtasche.contextio.ContextIO" NOT found at /at/package.jdo
00:33:41,253 (main) DEBUG [DataNucleus.MetaData] - MetaData of type "jdo" for class "at.tomtasche.contextio.ContextIO" NOT found at /at.jdo
00:33:41,254 (main) DEBUG [DataNucleus.MetaData] - MetaData of type "jdo" for class "at.tomtasche.contextio.ContextIO" NOT found at /at/tomtasche/package.jdo
00:33:41,254 (main) DEBUG [DataNucleus.MetaData] - MetaData of type "jdo" for class "at.tomtasche.contextio.ContextIO" NOT found at /at/tomtasche.jdo
00:33:41,254 (main) DEBUG [DataNucleus.MetaData] - MetaData of type "jdo" for class "at.tomtasche.contextio.ContextIO" NOT found at /at/tomtasche/contextio/package.jdo
00:33:41,255 (main) DEBUG [DataNucleus.MetaData] - MetaData of type "jdo" for class "at.tomtasche.contextio.ContextIO" NOT found at /at/tomtasche/contextio.jdo
00:33:41,255 (main) DEBUG [DataNucleus.MetaData] - MetaData of type "jdo" for class "at.tomtasche.contextio.ContextIO" NOT found at /at/tomtasche/contextio/ContextIO.jdo
00:33:41,255 (main) DEBUG [DataNucleus.MetaData] - MetaData of type "jdo" for class "at.tomtasche.contextio.ContextIO" not found
00:33:41,255 (main) DEBUG [DataNucleus.MetaData] - Registering class "at.tomtasche.contextio.ContextIO" as not having MetaData.
00:33:41,255 (main) DEBUG [DataNucleus.MetaData] - Class "at.tomtasche.contextio.ContextIO" has no MetaData or annotations.
00:33:41,256 (main) DEBUG [DataNucleus.MetaData] - MetaData of type "jdo" for class "at.tomtasche.contextio.Test" NOT found at /META-INF/package.jdo
00:33:41,256 (main) DEBUG [DataNucleus.MetaData] - MetaData of type "jdo" for class "at.tomtasche.contextio.Test" NOT found at /WEB-INF/package.jdo
00:33:41,257 (main) DEBUG [DataNucleus.MetaData] - MetaData of type "jdo" for class "at.tomtasche.contextio.Test" NOT found at /package.jdo
00:33:41,257 (main) DEBUG [DataNucleus.MetaData] - MetaData of type "jdo" for class "at.tomtasche.contextio.Test" NOT found at /at/package.jdo
00:33:41,258 (main) DEBUG [DataNucleus.MetaData] - MetaData of type "jdo" for class "at.tomtasche.contextio.Test" NOT found at /at.jdo
00:33:41,258 (main) DEBUG [DataNucleus.MetaData] - MetaData of type "jdo" for class "at.tomtasche.contextio.Test" NOT found at /at/tomtasche/package.jdo
00:33:41,258 (main) DEBUG [DataNucleus.MetaData] - MetaData of type "jdo" for class "at.tomtasche.contextio.Test" NOT found at /at/tomtasche.jdo
00:33:41,258 (main) DEBUG [DataNucleus.MetaData] - MetaData of type "jdo" for class "at.tomtasche.contextio.Test" NOT found at /at/tomtasche/contextio/package.jdo
00:33:41,259 (main) DEBUG [DataNucleus.MetaData] - MetaData of type "jdo" for class "at.tomtasche.contextio.Test" NOT found at /at/tomtasche/contextio.jdo
00:33:41,259 (main) DEBUG [DataNucleus.MetaData] - MetaData of type "jdo" for class "at.tomtasche.contextio.Test" NOT found at /at/tomtasche/contextio/Test.jdo
00:33:41,259 (main) DEBUG [DataNucleus.MetaData] - MetaData of type "jdo" for class "at.tomtasche.contextio.Test" not found
00:33:41,259 (main) DEBUG [DataNucleus.MetaData] - Registering class "at.tomtasche.contextio.Test" as not having MetaData.
00:33:41,259 (main) DEBUG [DataNucleus.MetaData] - Class "at.tomtasche.contextio.Test" has no MetaData or annotations.
00:33:41,261 (main) DEBUG [DataNucleus.MetaData] - MetaData of type "jdo" for class "at.tomtasche.contextio.ContextIOApi" NOT found at /META-INF/package.jdo
00:33:41,261 (main) DEBUG [DataNucleus.MetaData] - MetaData of type "jdo" for class "at.tomtasche.contextio.ContextIOApi" NOT found at /WEB-INF/package.jdo
00:33:41,261 (main) DEBUG [DataNucleus.MetaData] - MetaData of type "jdo" for class "at.tomtasche.contextio.ContextIOApi" NOT found at /package.jdo
00:33:41,261 (main) DEBUG [DataNucleus.MetaData] - MetaData of type "jdo" for class "at.tomtasche.contextio.ContextIOApi" NOT found at /at/package.jdo
00:33:41,262 (main) DEBUG [DataNucleus.MetaData] - MetaData of type "jdo" for class "at.tomtasche.contextio.ContextIOApi" NOT found at /at.jdo
00:33:41,262 (main) DEBUG [DataNucleus.MetaData] - MetaData of type "jdo" for class "at.tomtasche.contextio.ContextIOApi" NOT found at /at/tomtasche/package.jdo
00:33:41,262 (main) DEBUG [DataNucleus.MetaData] - MetaData of type "jdo" for class "at.tomtasche.contextio.ContextIOApi" NOT found at /at/tomtasche.jdo
00:33:41,262 (main) DEBUG [DataNucleus.MetaData] - MetaData of type "jdo" for class "at.tomtasche.contextio.ContextIOApi" NOT found at /at/tomtasche/contextio/package.jdo
00:33:41,263 (main) DEBUG [DataNucleus.MetaData] - MetaData of type "jdo" for class "at.tomtasche.contextio.ContextIOApi" NOT found at /at/tomtasche/contextio.jdo
00:33:41,263 (main) DEBUG [DataNucleus.MetaData] - MetaData of type "jdo" for class "at.tomtasche.contextio.ContextIOApi" NOT found at /at/tomtasche/contextio/ContextIOApi.jdo
00:33:41,263 (main) DEBUG [DataNucleus.MetaData] - MetaData of type "jdo" for class "at.tomtasche.contextio.ContextIOApi" not found
00:33:41,263 (main) DEBUG [DataNucleus.MetaData] - Registering class "at.tomtasche.contextio.ContextIOApi" as not having MetaData.
00:33:41,263 (main) DEBUG [DataNucleus.MetaData] - Class "at.tomtasche.contextio.ContextIOApi" has no MetaData or annotations.
00:33:41,263 (main) DEBUG [DataNucleus.MetaData] - Populating all MetaData ...
00:33:41,264 (main) DEBUG [DataNucleus.MetaData] - Class "dom.simple.SimpleObject" : Populating Meta-Data
00:33:41,264 (main) DEBUG [DataNucleus.MetaData] - Class "dom.simple.SimpleObject" field "container" : Adding Meta-Data for field since it didnt appear in the Meta-Data definition.
00:33:41,267 (main) DEBUG [DataNucleus.MetaData] - MetaData of type "jdo" for class "org.apache.isis.applib.DomainObjectContainer" NOT found at /META-INF/package.jdo
00:33:41,267 (main) DEBUG [DataNucleus.MetaData] - MetaData of type "jdo" for class "org.apache.isis.applib.DomainObjectContainer" NOT found at /WEB-INF/package.jdo
00:33:41,267 (main) DEBUG [DataNucleus.MetaData] - MetaData of type "jdo" for class "org.apache.isis.applib.DomainObjectContainer" NOT found at /package.jdo
00:33:41,268 (main) DEBUG [DataNucleus.MetaData] - MetaData of type "jdo" for class "org.apache.isis.applib.DomainObjectContainer" NOT found at /org/package.jdo
00:33:41,268 (main) DEBUG [DataNucleus.MetaData] - MetaData of type "jdo" for class "org.apache.isis.applib.DomainObjectContainer" NOT found at /org.jdo
00:33:41,268 (main) DEBUG [DataNucleus.MetaData] - MetaData of type "jdo" for class "org.apache.isis.applib.DomainObjectContainer" NOT found at /org/apache/package.jdo
00:33:41,268 (main) DEBUG [DataNucleus.MetaData] - MetaData of type "jdo" for class "org.apache.isis.applib.DomainObjectContainer" NOT found at /org/apache.jdo
00:33:41,269 (main) DEBUG [DataNucleus.MetaData] - MetaData of type "jdo" for class "org.apache.isis.applib.DomainObjectContainer" NOT found at /org/apache/isis/package.jdo
00:33:41,269 (main) DEBUG [DataNucleus.MetaData] - MetaData of type "jdo" for class "org.apache.isis.applib.DomainObjectContainer" NOT found at /org/apache/isis.jdo
00:33:41,269 (main) DEBUG [DataNucleus.MetaData] - MetaData of type "jdo" for class "org.apache.isis.applib.DomainObjectContainer" NOT found at /org/apache/isis/applib/package.jdo
00:33:41,270 (main) DEBUG [DataNucleus.MetaData] - MetaData of type "jdo" for class "org.apache.isis.applib.DomainObjectContainer" NOT found at /org/apache/isis/applib.jdo
00:33:41,270 (main) DEBUG [DataNucleus.MetaData] - MetaData of type "jdo" for class "org.apache.isis.applib.DomainObjectContainer" NOT found at /org/apache/isis/applib/DomainObjectContainer.jdo
00:33:41,270 (main) DEBUG [DataNucleus.MetaData] - MetaData of type "jdo" for class "org.apache.isis.applib.DomainObjectContainer" not found
00:33:41,270 (main) DEBUG [DataNucleus.MetaData] - Registering class "org.apache.isis.applib.DomainObjectContainer" as not having MetaData.
00:33:41,271 (main) DEBUG [DataNucleus.MetaData] - Initialising all MetaData ...
00:33:41,272 (main) DEBUG [DataNucleus.MetaData] - Class "dom.simple.SimpleObject" : Initialising Meta-Data
00:33:41,274 (main) DEBUG [DataNucleus.MetaData] - MetaData Management : Load of Metadata complete
00:33:41,284 (main) DEBUG [DataNucleus.Enhancer] - Enhance of class "dom.simple.SimpleObject" starting ...
00:33:41,303 (main) DEBUG [DataNucleus.Enhancer] - Class "dom.simple.SimpleObject" doesnt implement the interface "javax.jdo.spi.PersistenceCapable" but is required
00:33:41,304 (main) DEBUG [DataNucleus.Enhancer] - Class "dom.simple.SimpleObject" doesnt have field "jdoInheritedFieldCount" but is required
00:33:41,304 (main) DEBUG [DataNucleus.Enhancer] - Class "dom.simple.SimpleObject" doesnt have field "jdoFieldNames" but is required
00:33:41,304 (main) DEBUG [DataNucleus.Enhancer] - Class "dom.simple.SimpleObject" doesnt have field "jdoPersistenceCapableSuperclass" but is required
00:33:41,304 (main) DEBUG [DataNucleus.Enhancer] - Class "dom.simple.SimpleObject" doesnt have field "jdoFieldTypes" but is required
00:33:41,304 (main) DEBUG [DataNucleus.Enhancer] - Class "dom.simple.SimpleObject" doesnt have field "jdoStateManager" but is required
00:33:41,304 (main) DEBUG [DataNucleus.Enhancer] - Class "dom.simple.SimpleObject" doesnt have field "jdoFieldFlags" but is required
00:33:41,304 (main) DEBUG [DataNucleus.Enhancer] - Class "dom.simple.SimpleObject" doesnt have field "jdoFlags" but is required
00:33:41,304 (main) DEBUG [DataNucleus.Enhancer] - Class "dom.simple.SimpleObject" doesnt have method "__jdoGetInheritedFieldCount" but is required
00:33:41,304 (main) DEBUG [DataNucleus.Enhancer] - Class "dom.simple.SimpleObject" doesnt have method "jdoNewInstance" but is required
00:33:41,304 (main) DEBUG [DataNucleus.Enhancer] - Class "dom.simple.SimpleObject" doesnt have method "jdoNewInstance" but is required
00:33:41,304 (main) DEBUG [DataNucleus.Enhancer] - Class "dom.simple.SimpleObject" doesnt have method "jdoReplaceField" but is required
00:33:41,305 (main) DEBUG [DataNucleus.Enhancer] - Class "dom.simple.SimpleObject" doesnt have method "jdoIsDirty" but is required
00:33:41,305 (main) DEBUG [DataNucleus.Enhancer] - Class "dom.simple.SimpleObject" doesnt have method "jdoReplaceFields" but is required
00:33:41,305 (main) DEBUG [DataNucleus.Enhancer] - Class "dom.simple.SimpleObject" doesnt have method "jdoIsPersistent" but is required
00:33:41,305 (main) DEBUG [DataNucleus.Enhancer] - Class "dom.simple.SimpleObject" doesnt have method "jdoIsNew" but is required
00:33:41,305 (main) DEBUG [DataNucleus.Enhancer] - Class "dom.simple.SimpleObject" doesnt have method "jdoIsTransactional" but is required
00:33:41,305 (main) DEBUG [DataNucleus.Enhancer] - Class "dom.simple.SimpleObject" doesnt have method "jdoProvideFields" but is required
00:33:41,305 (main) DEBUG [DataNucleus.Enhancer] - Class "dom.simple.SimpleObject" doesnt have method "jdoCopyFields" but is required
00:33:41,305 (main) DEBUG [DataNucleus.Enhancer] - Class "dom.simple.SimpleObject" doesnt have method "jdoCopyKeyFieldsToObjectId" but is required
00:33:41,305 (main) DEBUG [DataNucleus.Enhancer] - Class "dom.simple.SimpleObject" doesnt have method "jdoCopyKeyFieldsToObjectId" but is required
00:33:41,305 (main) DEBUG [DataNucleus.Enhancer] - Class "dom.simple.SimpleObject" doesnt have method "jdoGetManagedFieldCount" but is required
00:33:41,305 (main) DEBUG [DataNucleus.Enhancer] - Class "dom.simple.SimpleObject" doesnt have method "jdoCopyKeyFieldsFromObjectId" but is required
00:33:41,305 (main) DEBUG [DataNucleus.Enhancer] - Class "dom.simple.SimpleObject" doesnt have method "jdoCopyKeyFieldsFromObjectId" but is required
00:33:41,305 (main) DEBUG [DataNucleus.Enhancer] - Class "dom.simple.SimpleObject" doesnt have method "jdoReplaceStateManager" but is required
00:33:41,305 (main) DEBUG [DataNucleus.Enhancer] - Class "dom.simple.SimpleObject" doesnt have method "jdoNewObjectIdInstance" but is required
00:33:41,305 (main) DEBUG [DataNucleus.Enhancer] - Class "dom.simple.SimpleObject" doesnt have method "jdoNewObjectIdInstance" but is required
00:33:41,306 (main) DEBUG [DataNucleus.Enhancer] - Class "dom.simple.SimpleObject" doesnt have method "jdoGetTransactionalObjectId" but is required
00:33:41,306 (main) DEBUG [DataNucleus.Enhancer] - Class "dom.simple.SimpleObject" doesnt have method "jdoGetPersistenceManager" but is required
00:33:41,306 (main) DEBUG [DataNucleus.Enhancer] - Class "dom.simple.SimpleObject" doesnt have method "jdoMakeDirty" but is required
00:33:41,306 (main) DEBUG [DataNucleus.Enhancer] - Class "dom.simple.SimpleObject" doesnt have method "__jdoFieldFlagsInit" but is required
00:33:41,306 (main) DEBUG [DataNucleus.Enhancer] - Class "dom.simple.SimpleObject" doesnt have method "jdoSuperClone" but is required
00:33:41,306 (main) DEBUG [DataNucleus.Enhancer] - Class "dom.simple.SimpleObject" doesnt have method "__jdoFieldNamesInit" but is required
00:33:41,306 (main) DEBUG [DataNucleus.Enhancer] - Class "dom.simple.SimpleObject" doesnt have method "jdoProvideField" but is required
00:33:41,306 (main) DEBUG [DataNucleus.Enhancer] - Class "dom.simple.SimpleObject" doesnt have method "jdoPreSerialize" but is required
00:33:41,306 (main) DEBUG [DataNucleus.Enhancer] - Class "dom.simple.SimpleObject" doesnt have method "jdoCopyField" but is required
00:33:41,306 (main) DEBUG [DataNucleus.Enhancer] - Class "dom.simple.SimpleObject" doesnt have method "jdoIsDeleted" but is required
00:33:41,306 (main) DEBUG [DataNucleus.Enhancer] - Class "dom.simple.SimpleObject" doesnt have method "jdoReplaceFlags" but is required
00:33:41,306 (main) DEBUG [DataNucleus.Enhancer] - Class "dom.simple.SimpleObject" doesnt have method "jdoGetObjectId" but is required
00:33:41,306 (main) DEBUG [DataNucleus.Enhancer] - Class "dom.simple.SimpleObject" doesnt have method "jdoIsDetached" but is required
00:33:41,306 (main) DEBUG [DataNucleus.Enhancer] - Class "dom.simple.SimpleObject" doesnt have method "__jdoPersistenceCapableSuperclassInit" but is required
00:33:41,306 (main) DEBUG [DataNucleus.Enhancer] - Class "dom.simple.SimpleObject" doesnt have method "___jdo$loadClass" but is required
00:33:41,306 (main) DEBUG [DataNucleus.Enhancer] - Class "dom.simple.SimpleObject" doesnt have method "__jdoFieldTypesInit" but is required
00:33:41,306 (main) DEBUG [DataNucleus.Enhancer] - Class "dom.simple.SimpleObject" doesnt have method "jdoGetVersion" but is required
00:33:41,315 (main) DEBUG [DataNucleus.Enhancer] - Adding interface: javax.jdo.spi.PersistenceCapable
00:33:41,320 (main) DEBUG [DataNucleus.Enhancer] - Adding method "java.lang.String jdoGetname()"
00:33:41,322 (main) DEBUG [DataNucleus.Enhancer] - Adding method "void jdoSetname(class java.lang.String val)"
00:33:41,323 (main) DEBUG [DataNucleus.Enhancer] - Adding field "javax.jdo.spi.StateManager jdoStateManager"
00:33:41,323 (main) DEBUG [DataNucleus.Enhancer] - Adding field "byte jdoFlags"
00:33:41,323 (main) DEBUG [DataNucleus.Enhancer] - Adding field "[B jdoFieldFlags"
00:33:41,323 (main) DEBUG [DataNucleus.Enhancer] - Adding field "java.lang.Class jdoPersistenceCapableSuperclass"
00:33:41,323 (main) DEBUG [DataNucleus.Enhancer] - Adding field "[Ljava.lang.Class; jdoFieldTypes"
00:33:41,323 (main) DEBUG [DataNucleus.Enhancer] - Adding field "[Ljava.lang.String; jdoFieldNames"
00:33:41,323 (main) DEBUG [DataNucleus.Enhancer] - Adding field "int jdoInheritedFieldCount"
00:33:41,324 (main) DEBUG [DataNucleus.Enhancer] - Adding method "void <clinit>()"
00:33:41,325 (main) DEBUG [DataNucleus.Enhancer] - Adding method "void jdoCopyKeyFieldsFromObjectId(interface javax.jdo.spi.PersistenceCapable$ObjectIdFieldConsumer fc, class java.lang.Object oid)"
00:33:41,325 (main) DEBUG [DataNucleus.Enhancer] - Adding method "void jdoCopyKeyFieldsFromObjectId(class java.lang.Object oid)"
00:33:41,325 (main) DEBUG [DataNucleus.Enhancer] - Adding method "void jdoCopyKeyFieldsToObjectId(class java.lang.Object oid)"
00:33:41,325 (main) DEBUG [DataNucleus.Enhancer] - Adding method "void jdoCopyKeyFieldsToObjectId(interface javax.jdo.spi.PersistenceCapable$ObjectIdFieldSupplier fs, class java.lang.Object oid)"
00:33:41,325 (main) DEBUG [DataNucleus.Enhancer] - Adding method "java.lang.Object jdoGetObjectId()"
00:33:41,326 (main) DEBUG [DataNucleus.Enhancer] - Adding method "java.lang.Object jdoGetVersion()"
00:33:41,326 (main) DEBUG [DataNucleus.Enhancer] - Adding method "void jdoPreSerialize()"
00:33:41,326 (main) DEBUG [DataNucleus.Enhancer] - Adding method "javax.jdo.PersistenceManager jdoGetPersistenceManager()"
00:33:41,326 (main) DEBUG [DataNucleus.Enhancer] - Adding method "java.lang.Object jdoGetTransactionalObjectId()"
00:33:41,327 (main) DEBUG [DataNucleus.Enhancer] - Adding method "boolean jdoIsDeleted()"
00:33:41,327 (main) DEBUG [DataNucleus.Enhancer] - Adding method "boolean jdoIsDirty()"
00:33:41,328 (main) DEBUG [DataNucleus.Enhancer] - Adding method "boolean jdoIsNew()"
00:33:41,328 (main) DEBUG [DataNucleus.Enhancer] - Adding method "boolean jdoIsPersistent()"
00:33:41,328 (main) DEBUG [DataNucleus.Enhancer] - Adding method "boolean jdoIsTransactional()"
00:33:41,328 (main) DEBUG [DataNucleus.Enhancer] - Adding method "void jdoMakeDirty(class java.lang.String fieldName)"
00:33:41,328 (main) DEBUG [DataNucleus.Enhancer] - Adding method "java.lang.Object jdoNewObjectIdInstance()"
00:33:41,329 (main) DEBUG [DataNucleus.Enhancer] - Adding method "java.lang.Object jdoNewObjectIdInstance(class java.lang.Object key)"
00:33:41,329 (main) DEBUG [DataNucleus.Enhancer] - Adding method "void jdoProvideFields(class [I indices)"
00:33:41,329 (main) DEBUG [DataNucleus.Enhancer] - Adding method "void jdoReplaceFields(class [I indices)"
00:33:41,329 (main) DEBUG [DataNucleus.Enhancer] - Adding method "void jdoReplaceFlags()"
00:33:41,330 (main) DEBUG [DataNucleus.Enhancer] - Adding method "void jdoReplaceStateManager(interface javax.jdo.spi.StateManager sm)"
00:33:41,330 (main) DEBUG [DataNucleus.Enhancer] - Adding method "boolean jdoIsDetached()"
00:33:41,330 (main) DEBUG [DataNucleus.Enhancer] - Adding method "javax.jdo.spi.PersistenceCapable jdoNewInstance(interface javax.jdo.spi.StateManager sm)"
00:33:41,330 (main) DEBUG [DataNucleus.Enhancer] - Adding method "javax.jdo.spi.PersistenceCapable jdoNewInstance(interface javax.jdo.spi.StateManager sm, class java.lang.Object obj)"
00:33:41,331 (main) DEBUG [DataNucleus.Enhancer] - Adding method "void jdoReplaceField(int index)"
00:33:41,331 (main) DEBUG [DataNucleus.Enhancer] - Adding method "void jdoProvideField(int index)"
00:33:41,331 (main) DEBUG [DataNucleus.Enhancer] - Adding method "void jdoCopyField(class dom.simple.SimpleObject obj, int index)"
00:33:41,332 (main) DEBUG [DataNucleus.Enhancer] - Adding method "void jdoCopyFields(class java.lang.Object obj, class [I indices)"
00:33:41,332 (main) DEBUG [DataNucleus.Enhancer] - Adding method "[Ljava.lang.String; __jdoFieldNamesInit()"
00:33:41,332 (main) DEBUG [DataNucleus.Enhancer] - Adding method "[Ljava.lang.Class; __jdoFieldTypesInit()"
00:33:41,332 (main) DEBUG [DataNucleus.Enhancer] - Adding method "[B __jdoFieldFlagsInit()"
00:33:41,332 (main) DEBUG [DataNucleus.Enhancer] - Adding method "int __jdoGetInheritedFieldCount()"
00:33:41,332 (main) DEBUG [DataNucleus.Enhancer] - Adding method "int jdoGetManagedFieldCount()"
00:33:41,332 (main) DEBUG [DataNucleus.Enhancer] - Adding method "java.lang.Class __jdoPersistenceCapableSuperclassInit()"
00:33:41,333 (main) DEBUG [DataNucleus.Enhancer] - Adding method "java.lang.Class ___jdo$loadClass(class java.lang.String className)"
00:33:41,333 (main) DEBUG [DataNucleus.Enhancer] - Adding method "java.lang.Object jdoSuperClone()"
00:33:41,335 (main) INFO  [DataNucleus.Enhancer] - Writing class file "/home/dileepa/MyData/GSOC/gsoc2014/ReputationBox_Isis/project_new/isis-reputationbox/reputationbox/dom/target/classes/dom/simple/SimpleObject.class" with enhanced definition
00:33:41,335 (main) INFO  [DataNucleus.Enhancer] - ENHANCED (PersistenceCapable) : dom.simple.SimpleObject
00:33:41,335 (main) DEBUG [DataNucleus.Enhancer] - Enhance of class "dom.simple.SimpleObject" completed
00:33:41,335 (main) INFO  [DataNucleus.Enhancer] - DataNucleus Enhancer completed with success for 1 classes. Timings : input=139 ms, enhance=61 ms, total=200 ms. Consult the log for full details
